0 info it worked if it ends with ok
1 verbose cli [ 'D:\\Program Files (x86)\\nodejs\\node.exe',
1 verbose cli   'C:\\Users\\Dude\\AppData\\Roaming\\npm\\node_modules\\npm\\bin\\npm-cli.js',
1 verbose cli   'start' ]
2 info using npm@4.0.3
3 info using node@v4.2.6
4 verbose run-script [ 'prestart', 'start', 'poststart' ]
5 info lifecycle ng2-fundamentals-demo@1.0.0~prestart: ng2-fundamentals-demo@1.0.0
6 silly lifecycle ng2-fundamentals-demo@1.0.0~prestart: no script for prestart, continuing
7 info lifecycle ng2-fundamentals-demo@1.0.0~start: ng2-fundamentals-demo@1.0.0
8 verbose lifecycle ng2-fundamentals-demo@1.0.0~start: unsafe-perm in lifecycle true
9 verbose lifecycle ng2-fundamentals-demo@1.0.0~start: PATH: C:\Users\Dude\AppData\Roaming\npm\node_modules\npm\bin\node-gyp-bin;D:\dev\lostpropertyng2\node_modules\.bin;C:\Users\Dude\bin;D:\Program Files\Git\mingw64\bin;D:\Program Files\Git\usr\local\bin;D:\Program Files\Git\usr\bin;D:\Program Files\Git\usr\bin;D:\Program Files\Git\mingw64\bin;D:\Program Files\Git\usr\bin;C:\Users\Dude\bin;C:\ProgramData\Oracle\Java\javapath;C:\Program Files\Common Files\Microsoft Shared\Windows Live;C:\Program Files (x86)\Common Files\Microsoft Shared\Windows Live;C:\Program Files (x86)\HP SimplePass\x64;C:\Program Files (x86)\HP SimplePass;C:\Program Files\Broadcom\Broadcom 802.11\Driver;C:\Program Files (x86)\Intel\iCLS Client;C:\Program Files\Intel\iCLS Client;C:\Windows\system32;C:\Windows;C:\Windows\System32\Wbem;C:\Windows\System32\WindowsPowerShell\v1.0;C:\Program Files\WIDCOMM\Bluetooth Software;C:\Program Files\WIDCOMM\Bluetooth Software\syswow64;C:\Program Files\Intel\Intel(R) Management Engine Components\DAL;C:\Program Files\Intel\Intel(R) Management Engine Components\IPT;C:\Program Files (x86)\Intel\Intel(R) Management Engine Components\DAL;C:\Program Files (x86)\Intel\Intel(R) Management Engine Components\IPT;C:\Program Files (x86)\Intel\OpenCL SDK\2.0\bin\x86;C:\Program Files (x86)\Intel\OpenCL SDK\2.0\bin\x64;C:\Program Files (x86)\Calibre2;C:\Program Files (x86)\Common Files\HP\Digital Imaging\bin;C:\Program Files (x86)\HP\Digital Imaging\bin;C:\Program Files (x86)\HP\Digital Imaging\bin\Qt\Qt 4.3.3;C:\Program Files (x86)\Windows Live\Shared;D:\HashiCorp\Vagrant\bin;D:\dev\apache-maven-3.2.5\bin;C:\Program Files (x86)\NVIDIA Corporation\PhysX\Common;C:\Program Files\cURL\bin;C:\Program Files (x86)\QuickTime\QTSystem;C:\WINDOWS\system32;C:\WINDOWS;C:\WINDOWS\System32\Wbem;C:\WINDOWS\System32\WindowsPowerShell\v1.0;D:\dev\sqllite\sqlite-dll-win64-x64-3100200;C:\Users\Dude\AppData\Roaming\npm;D:\Program Files (x86)\Calibre2;C:\Users\Dude\AppData\Roaming\nvm;C:\Program Files\nodejs;C:\Program Files (x86)\Skype\Phone;D:\Program Files\Git\cmd;C:\Ruby22-x64\bin;D:\dev\Ruby22\bin;C:\Program Files (x86)\HMA! Pro VPN\bin;D:\Program Files (x86)\HMA! Pro VPN\bin;D:\Program Files (x86)\Git\bin;D:\dev\Python34;D:\dev\Python34\Scripts;D:\Program Files (x86)\Microsoft VS Code\bin;C:\Users\Dude\AppData\Local\Microsoft\WindowsApps;C:\Users\Dude\AppData\Roaming\nvm;C:\Program Files\nodejs;D:\Program Files (x86)\nodejs;D:\Program Files\Heroku\bin;D:\Program Files\Git\usr\bin\vendor_perl;D:\Program Files\Git\usr\bin\core_perl
10 verbose lifecycle ng2-fundamentals-demo@1.0.0~start: CWD: D:\dev\lostpropertyng2
11 silly lifecycle ng2-fundamentals-demo@1.0.0~start: Args: [ '/d /s /c',
11 silly lifecycle   'tsc && concurrently "npm run tsc:w" "MONGO_DB_URL=\'mongodb://localhost/lostproperty\' JWT_SECRET=\'DHNR65@SH\' node index.js" ' ]
12 silly lifecycle ng2-fundamentals-demo@1.0.0~start: Returned: code: 2  signal: null
13 info lifecycle ng2-fundamentals-demo@1.0.0~start: Failed to exec start script
14 verbose stack Error: ng2-fundamentals-demo@1.0.0 start: `tsc && concurrently "npm run tsc:w" "MONGO_DB_URL='mongodb://localhost/lostproperty' JWT_SECRET='DHNR65@SH' node index.js" `
14 verbose stack Exit status 2
14 verbose stack     at EventEmitter.<anonymous> (C:\Users\Dude\AppData\Roaming\npm\node_modules\npm\lib\utils\lifecycle.js:279:16)
14 verbose stack     at emitTwo (events.js:87:13)
14 verbose stack     at EventEmitter.emit (events.js:172:7)
14 verbose stack     at ChildProcess.<anonymous> (C:\Users\Dude\AppData\Roaming\npm\node_modules\npm\lib\utils\spawn.js:40:14)
14 verbose stack     at emitTwo (events.js:87:13)
14 verbose stack     at ChildProcess.emit (events.js:172:7)
14 verbose stack     at maybeClose (internal/child_process.js:821:16)
14 verbose stack     at Process.ChildProcess._handle.onexit (internal/child_process.js:211:5)
15 verbose pkgid ng2-fundamentals-demo@1.0.0
16 verbose cwd D:\dev\lostpropertyng2
17 error Windows_NT 10.0.15063
18 error argv "D:\\Program Files (x86)\\nodejs\\node.exe" "C:\\Users\\Dude\\AppData\\Roaming\\npm\\node_modules\\npm\\bin\\npm-cli.js" "start"
19 error node v4.2.6
20 error npm  v4.0.3
21 error code ELIFECYCLE
22 error ng2-fundamentals-demo@1.0.0 start: `tsc && concurrently "npm run tsc:w" "MONGO_DB_URL='mongodb://localhost/lostproperty' JWT_SECRET='DHNR65@SH' node index.js" `
22 error Exit status 2
23 error Failed at the ng2-fundamentals-demo@1.0.0 start script 'tsc && concurrently "npm run tsc:w" "MONGO_DB_URL='mongodb://localhost/lostproperty' JWT_SECRET='DHNR65@SH' node index.js" '.
23 error Make sure you have the latest version of node.js and npm installed.
23 error If you do, this is most likely a problem with the ng2-fundamentals-demo package,
23 error not with npm itself.
23 error Tell the author that this fails on your system:
23 error     tsc && concurrently "npm run tsc:w" "MONGO_DB_URL='mongodb://localhost/lostproperty' JWT_SECRET='DHNR65@SH' node index.js"
23 error You can get information on how to open an issue for this project with:
23 error     npm bugs ng2-fundamentals-demo
23 error Or if that isn't available, you can get their info via:
23 error     npm owner ls ng2-fundamentals-demo
23 error There is likely additional logging output above.
24 verbose exit [ 1, true ]
